app/build/intermediates/manifest_merge_blame_file/debug/manifest-merger-blame-debug-report.txt
1<?xml version="1.0" encoding="utf-8"?>
2<manifest xmlns:android="http://schemas.android.com/apk/res/android"
3    package="ar.edu.itba.hci.hoh"
4    android:versionCode="1"
5    android:versionName="1.0" >
6
7    <uses-sdk
8        android:minSdkVersion="24"
8-->src/main/AndroidManifest.xml
9        android:targetSdkVersion="29" />
9-->src/main/AndroidManifest.xml
10
11    <uses-permission android:name="android.permission.INTERNET" />
11-->src/main/AndroidManifest.xml:5:5-67
11-->src/main/AndroidManifest.xml:5:22-64
12
13    <application
13-->src/main/AndroidManifest.xml:7:5-39:19
14        android:allowBackup="true"
14-->src/main/AndroidManifest.xml:8:9-35
15        android:appComponentFactory="androidx.core.app.CoreComponentFactory"
15-->[androidx.core:core:1.1.0] AndroidManifest.xml:24:18-86
16        android:debuggable="true"
17        android:icon="@mipmap/ic_launcher"
17-->src/main/AndroidManifest.xml:9:9-43
18        android:label="@string/app_name"
18-->src/main/AndroidManifest.xml:10:9-41
19        android:networkSecurityConfig="@xml/network_security_config"
19-->src/main/AndroidManifest.xml:14:9-69
20        android:roundIcon="@mipmap/ic_launcher_round"
20-->src/main/AndroidManifest.xml:11:9-54
21        android:supportsRtl="true"
21-->src/main/AndroidManifest.xml:12:9-35
22        android:testOnly="true"
23        android:theme="@style/AppTheme" >
23-->src/main/AndroidManifest.xml:13:9-40
24        <activity
24-->src/main/AndroidManifest.xml:15:9-25:20
25            android:name="ar.edu.itba.hci.hoh.MainActivity"
25-->src/main/AndroidManifest.xml:16:13-41
26            android:label="@string/app_name"
26-->src/main/AndroidManifest.xml:17:13-45
27            android:launchMode="singleTop"
27-->src/main/AndroidManifest.xml:19:13-43
28            android:theme="@style/AppTheme.NoActionBar" >
28-->src/main/AndroidManifest.xml:18:13-56
29            <intent-filter>
29-->src/main/AndroidManifest.xml:20:13-24:29
30                <action android:name="android.intent.action.MAIN" />
30-->src/main/AndroidManifest.xml:21:17-69
30-->src/main/AndroidManifest.xml:21:25-66
31
32                <category android:name="android.intent.category.LAUNCHER" />
32-->src/main/AndroidManifest.xml:23:17-77
32-->src/main/AndroidManifest.xml:23:27-74
33            </intent-filter>
34        </activity>
35        <activity
35-->src/main/AndroidManifest.xml:26:9-35:20
36            android:name="ar.edu.itba.hci.hoh.SettingsActivity"
36-->src/main/AndroidManifest.xml:27:13-45
37            android:label="@string/option_settings"
37-->src/main/AndroidManifest.xml:28:13-52
38            android:parentActivityName="ar.edu.itba.hci.hoh.MainActivity"
38-->src/main/AndroidManifest.xml:29:13-55
39            android:theme="@style/AppTheme.NoActionBar" >
39-->src/main/AndroidManifest.xml:30:13-56
40            <meta-data
40-->src/main/AndroidManifest.xml:32:13-34:48
41                android:name="android.support.PARENT_ACTIVITY"
41-->src/main/AndroidManifest.xml:33:17-63
42                android:value=".MainActivity" />
42-->src/main/AndroidManifest.xml:34:17-46
43        </activity>
44
45        <meta-data
45-->src/main/AndroidManifest.xml:36:9-38:57
46            android:name="preloaded_fonts"
46-->src/main/AndroidManifest.xml:37:13-43
47            android:resource="@array/preloaded_fonts" />
47-->src/main/AndroidManifest.xml:38:13-54
48
49        <provider
49-->[androidx.lifecycle:lifecycle-process:2.1.0] AndroidManifest.xml:23:9-27:43
50            android:name="androidx.lifecycle.ProcessLifecycleOwnerInitializer"
50-->[androidx.lifecycle:lifecycle-process:2.1.0] AndroidManifest.xml:24:13-79
51            android:authorities="ar.edu.itba.hci.hoh.lifecycle-process"
51-->[androidx.lifecycle:lifecycle-process:2.1.0] AndroidManifest.xml:25:13-69
52            android:exported="false"
52-->[androidx.lifecycle:lifecycle-process:2.1.0] AndroidManifest.xml:26:13-37
53            android:multiprocess="true" />
53-->[androidx.lifecycle:lifecycle-process:2.1.0] AndroidManifest.xml:27:13-40
54    </application>
55
56</manifest>